<?xml version="1.0" encoding="UTF-8"?>
<!-- Generated by org.testng.reporters.JUnitXMLReporter -->
<testsuite ignored="12" hostname="Abhishek" failures="1" tests="1" name="Default test" time="12.794" errors="0" timestamp="23 Aug 2019 13:00:33 GMT">
  <testcase classname="TestCases.LoginTest" name="Verify_login_page_title" time="4.454">
    <failure type="java.lang.AssertionError" message="unable to load webpage
chrome not reachable
  (Session info: chrome=76.0.3809.100)
  (Driver info: chromedriver=2.36.540470 (e522d04694c7ebea4ba8821272dbef4f9b818c91),platform=Windows NT 6.2.9200 x86_64) (WARNING: The server did not provide any stacktrace information)
Command duration or timeout: 0 milliseconds
Build info: version: &amp;apos;3.14.0&amp;apos;, revision: &amp;apos;aacccce0&amp;apos;, time: &amp;apos;2018-08-02T20:19:58.91Z&amp;apos;
System info: host: &amp;apos;ABHISHEK&amp;apos;, ip: &amp;apos;192.168.22.2&amp;apos;, os.name: &amp;apos;Windows 8&amp;apos;, os.arch: &amp;apos;amd64&amp;apos;, os.version: &amp;apos;6.2&amp;apos;, java.version: &amp;apos;10.0.1&amp;apos;
Driver info: org.openqa.selenium.chrome.ChromeDriver
Capabilities {acceptInsecureCerts: false, acceptSslCerts: false, applicationCacheEnabled: false, browserConnectionEnabled: false, browserName: chrome, chrome: {chromedriverVersion: 2.36.540470 (e522d04694c7eb..., userDataDir: C:\Users\Abhishek\AppData\L...}, cssSelectorsEnabled: true, databaseEnabled: false, handlesAlerts: true, hasTouchScreen: false, javascriptEnabled: true, locationContextEnabled: true, mobileEmulationEnabled: false, nativeEvents: true, networkConnectionEnabled: false, pageLoadStrategy: normal, platform: XP, platformName: XP, rotatable: false, setWindowRect: true, takesHeapSnapshot: true, takesScreenshot: true, unexpectedAlertBehaviour: , unhandledPromptBehavior: , version: 76.0.3809.100, webStorageEnabled: true}
Session ID: 2d64b61d75bae09e60eb881b80e65709">
      <![CDATA[java.lang.AssertionError: unable to load webpage
chrome not reachable
  (Session info: chrome=76.0.3809.100)
  (Driver info: chromedriver=2.36.540470 (e522d04694c7ebea4ba8821272dbef4f9b818c91),platform=Windows NT 6.2.9200 x86_64) (WARNING: The server did not provide any stacktrace information)
Command duration or timeout: 0 milliseconds
Build info: version: '3.14.0', revision: 'aacccce0', time: '2018-08-02T20:19:58.91Z'
System info: host: 'ABHISHEK', ip: '192.168.22.2', os.name: 'Windows 8', os.arch: 'amd64', os.version: '6.2', java.version: '10.0.1'
Driver info: org.openqa.selenium.chrome.ChromeDriver
Capabilities {acceptInsecureCerts: false, acceptSslCerts: false, applicationCacheEnabled: false, browserConnectionEnabled: false, browserName: chrome, chrome: {chromedriverVersion: 2.36.540470 (e522d04694c7eb..., userDataDir: C:\Users\Abhishek\AppData\L...}, cssSelectorsEnabled: true, databaseEnabled: false, handlesAlerts: true, hasTouchScreen: false, javascriptEnabled: true, locationContextEnabled: true, mobileEmulationEnabled: false, nativeEvents: true, networkConnectionEnabled: false, pageLoadStrategy: normal, platform: XP, platformName: XP, rotatable: false, setWindowRect: true, takesHeapSnapshot: true, takesScreenshot: true, unexpectedAlertBehaviour: , unhandledPromptBehavior: , version: 76.0.3809.100, webStorageEnabled: true}
Session ID: 2d64b61d75bae09e60eb881b80e65709
at org.testng.Assert.fail(Assert.java:96)
at Common.Sync.waitForPageToLoad(Sync.java:441)
at PageObjects.LoginPage.getPageTitle(LoginPage.java:279)
at TestCases.LoginTest.Verify_login_page_title(LoginTest.java:33)
at java.base/jdk.internal.reflect.NativeMethodAccessorImpl.invoke0(Native Method)
at java.base/jdk.internal.reflect.NativeMethodAccessorImpl.invoke(Unknown Source)
at java.base/jdk.internal.reflect.DelegatingMethodAccessorImpl.invoke(Unknown Source)
at java.base/java.lang.reflect.Method.invoke(Unknown Source)
at org.testng.internal.MethodInvocationHelper.invokeMethod(MethodInvocationHelper.java:124)
at org.testng.internal.Invoker.invokeMethod(Invoker.java:580)
at org.testng.internal.Invoker.invokeTestMethod(Invoker.java:716)
at org.testng.internal.Invoker.invokeTestMethods(Invoker.java:988)
at org.testng.internal.TestMethodWorker.invokeTestMethods(TestMethodWorker.java:125)
at org.testng.internal.TestMethodWorker.run(TestMethodWorker.java:109)
at org.testng.TestRunner.privateRun(TestRunner.java:648)
at org.testng.TestRunner.run(TestRunner.java:505)
at org.testng.SuiteRunner.runTest(SuiteRunner.java:455)
at org.testng.SuiteRunner.runSequentially(SuiteRunner.java:450)
at org.testng.SuiteRunner.privateRun(SuiteRunner.java:415)
at org.testng.SuiteRunner.run(SuiteRunner.java:364)
at org.testng.SuiteRunnerWorker.runSuite(SuiteRunnerWorker.java:52)
at org.testng.SuiteRunnerWorker.run(SuiteRunnerWorker.java:84)
at org.testng.TestNG.runSuitesSequentially(TestNG.java:1208)
at org.testng.TestNG.runSuitesLocally(TestNG.java:1137)
at org.testng.TestNG.runSuites(TestNG.java:1049)
at org.testng.TestNG.run(TestNG.java:1017)
at org.testng.remote.AbstractRemoteTestNG.run(AbstractRemoteTestNG.java:114)
at org.testng.remote.RemoteTestNG.initAndRun(RemoteTestNG.java:251)
at org.testng.remote.RemoteTestNG.main(RemoteTestNG.java:77)
]]>
    </failure>
  </testcase> <!-- Verify_login_page_title -->
  <testcase classname="TestCases.LoginTest" name="Verify_login_page_ui_fields" time="0.0">
    <ignored/>
  </testcase> <!-- Verify_login_page_ui_fields -->
  <testcase classname="TestCases.LoginTest" name="Verify_login_functionality_with_valid_credentials_of_superAdmin" time="0.0">
    <ignored/>
  </testcase> <!-- Verify_login_functionality_with_valid_credentials_of_superAdmin -->
  <testcase classname="TestCases.LoginTest" name="Verify_login_page_url" time="0.0">
    <ignored/>
  </testcase> <!-- Verify_login_page_url -->
  <testcase classname="TestCases.LoginTest" name="Verify_validation_message_with_valid_emailAddress_and_empty_password_field" time="0.0">
    <ignored/>
  </testcase> <!-- Verify_validation_message_with_valid_emailAddress_and_empty_password_field -->
  <testcase classname="TestCases.LoginTest" name="Verify_login_functionality_with_public_user" time="0.0">
    <ignored/>
  </testcase> <!-- Verify_login_functionality_with_public_user -->
  <testcase classname="TestCases.LoginTest" name="Verify_submitRequest_link" time="0.0">
    <ignored/>
  </testcase> <!-- Verify_submitRequest_link -->
  <testcase classname="TestCases.LoginTest" name="Verify_validation_message_with_valid_password_and_empty_emailAddress_field" time="0.0">
    <ignored/>
  </testcase> <!-- Verify_validation_message_with_valid_password_and_empty_emailAddress_field -->
  <testcase classname="TestCases.LoginTest" name="Verify_termsOfService_link" time="0.0">
    <ignored/>
  </testcase> <!-- Verify_termsOfService_link -->
  <testcase classname="TestCases.LoginTest" name="Verify_css_value_of_login_page_fields" time="0.0">
    <ignored/>
  </testcase> <!-- Verify_css_value_of_login_page_fields -->
  <testcase classname="TestCases.LoginTest" name="Verify_validation_message_with_empty_email_address_and_empty_password_field" time="0.0">
    <ignored/>
  </testcase> <!-- Verify_validation_message_with_empty_email_address_and_empty_password_field -->
  <testcase classname="TestCases.LoginTest" name="Verify_forgot_password_link" time="0.0">
    <ignored/>
  </testcase> <!-- Verify_forgot_password_link -->
  <testcase classname="TestCases.LoginTest" name="Verify_validation_message_with_invalid_email_address_and_invalid_password_field" time="0.0">
    <ignored/>
  </testcase> <!-- Verify_validation_message_with_invalid_email_address_and_invalid_password_field -->
</testsuite> <!-- Default test -->
