<?xml version="1.0" encoding="UTF-8"?>
<!-- Generated by org.testng.reporters.JUnitXMLReporter -->
<testsuite ignored="0" hostname="Abhishek" failures="8" tests="9" name="Login Tests" time="164.088" errors="0" timestamp="23 Mar 2019 11:17:31 GMT">
  <testcase classname="TestCases.LoginTest" name="Verify_login_page_title" time="1.062">
    <failure type="java.lang.AssertionError" message="expected [Aircon] but found [iCARES | LOGIN]">
      <![CDATA[java.lang.AssertionError: expected [Aircon] but found [iCARES | LOGIN]
at TestCases.LoginTest.Verify_login_page_title(LoginTest.java:22)
... Removed 31 stack frames]]>
    </failure>
  </testcase> <!-- Verify_login_page_title -->
  <testcase classname="TestCases.LoginTest" name="Verify_login_page_url" time="3.586">
    <failure type="java.lang.AssertionError" message="expected [0] but found [1]">
      <![CDATA[java.lang.AssertionError: expected [0] but found [1]
at TestCases.LoginTest.Verify_login_page_url(LoginTest.java:41)
... Removed 31 stack frames]]>
    </failure>
  </testcase> <!-- Verify_login_page_url -->
  <testcase classname="TestCases.LoginTest" name="Verify_login_page_UI_fields" time="1.713"/>
  <testcase classname="TestCases.LoginTest" name="Verify_validation_message_with_valid_EmailAddress_and_empty_Password_field" time="28.951">
    <failure type="java.lang.AssertionError" message="Unable to verify validation message with valid &amp;apos;Email Address&amp;apos; and empty &amp;apos;Password&amp;apos; field">
      <![CDATA[java.lang.AssertionError: Unable to verify validation message with valid 'Email Address' and empty 'Password' field
at TestCases.LoginTest.Verify_validation_message_with_valid_EmailAddress_and_empty_Password_field(LoginTest.java:87)
... Removed 26 stack frames]]>
    </failure>
  </testcase> <!-- Verify_validation_message_with_valid_EmailAddress_and_empty_Password_field -->
  <testcase classname="TestCases.LoginTest" name="Verify_validation_message_with_valid_password_and_empty_EmailAddress_field" time="31.398">
    <failure type="java.lang.AssertionError" message="Unable to verify validation message with valid &amp;apos;Password&amp;apos; and empty &amp;apos;email address&amp;apos; field">
      <![CDATA[java.lang.AssertionError: Unable to verify validation message with valid 'Password' and empty 'email address' field
at TestCases.LoginTest.Verify_validation_message_with_valid_password_and_empty_EmailAddress_field(LoginTest.java:107)
... Removed 26 stack frames]]>
    </failure>
  </testcase> <!-- Verify_validation_message_with_valid_password_and_empty_EmailAddress_field -->
  <testcase classname="TestCases.LoginTest" name="Verify_validation_message_with_empty_email_address_and_empty_password_field" time="32.491">
    <failure type="java.lang.AssertionError" message="Unable to verify validation message with empty &amp;apos;email address&amp;apos; and empty &amp;apos;Password&amp;apos; field">
      <![CDATA[java.lang.AssertionError: Unable to verify validation message with empty 'email address' and empty 'Password' field
at TestCases.LoginTest.Verify_validation_message_with_empty_email_address_and_empty_password_field(LoginTest.java:130)
... Removed 26 stack frames]]>
    </failure>
  </testcase> <!-- Verify_validation_message_with_empty_email_address_and_empty_password_field -->
  <testcase classname="TestCases.LoginTest" name="Verify_validation_message_with_invalid_email_address_and_invalid_Password_field" time="32.624">
    <failure type="java.lang.AssertionError" message="Unable to verify validation message with invalid &amp;apos;email address&amp;apos; and invalid &amp;apos;Password&amp;apos; field">
      <![CDATA[java.lang.AssertionError: Unable to verify validation message with invalid 'email address' and invalid 'Password' field
at TestCases.LoginTest.Verify_validation_message_with_invalid_email_address_and_invalid_Password_field(LoginTest.java:153)
... Removed 26 stack frames]]>
    </failure>
  </testcase> <!-- Verify_validation_message_with_invalid_email_address_and_invalid_Password_field -->
  <testcase classname="TestCases.LoginTest" name="Verify_CSS_value_of_login_page_fields" time="1.562">
    <failure type="java.lang.AssertionError" message="expected [rgba(44, 94, 1, 1)] but found [rgba(2, 107, 177, 1)]">
      <![CDATA[java.lang.AssertionError: expected [rgba(44, 94, 1, 1)] but found [rgba(2, 107, 177, 1)]
at TestCases.LoginTest.Verify_CSS_value_of_login_page_fields(LoginTest.java:167)
... Removed 31 stack frames]]>
    </failure>
  </testcase> <!-- Verify_CSS_value_of_login_page_fields -->
  <testcase classname="TestCases.LoginTest" name="Verify_login_functionality_with_valid_credentials_of_administrator" time="16.699">
    <failure type="java.lang.AssertionError" message="expected [true] but found [false]">
      <![CDATA[java.lang.AssertionError: expected [true] but found [false]
at TestCases.LoginTest.Verify_login_functionality_with_valid_credentials_of_administrator(LoginTest.java:202)
... Removed 29 stack frames]]>
    </failure>
  </testcase> <!-- Verify_login_functionality_with_valid_credentials_of_administrator -->
</testsuite> <!-- Login Tests -->
